Support for Android x86 targets will be removed in the next stable release after 3.27. See https://github.com/flutter/flutter/issues/157543 for details.
Running Gradle task 'assembleDebug'...                          
Warning: The plugin fluttertoast requires Android SDK version 36 or higher.
For more information about build configuration, see https://flutter.dev/to/review-gradle-config.
Your project is configured to compile against Android SDK 35, but the following plugin(s) require to be compiled against a higher Android SDK version:
- fluttertoast compiles against Android SDK 36
Fix this issue by compiling against the highest Android SDK version (they are backward compatible).
Add the following to C:\Users\MT\AndroidStudioProjects\raf\android\app\build.gradle.kts:

    android {
        compileSdk = 36
        ...
    }
Your project is configured with Android NDK 26.3.11579264, but the following plugin(s) depend on a different Android NDK version:
- app_links requires Android NDK 27.0.12077973
- flutter_plugin_android_lifecycle requires Android NDK 27.0.12077973
- fluttertoast requires Android NDK 27.0.12077973
- image_picker_android requires Android NDK 27.0.12077973
- path_provider_android requires Android NDK 27.0.12077973
- shared_preferences_android requires Android NDK 27.0.12077973
- sqflite_android requires Android NDK 27.0.12077973
- url_launcher_android requires Android NDK 27.0.12077973
Fix this issue by using the highest Android NDK version (they are backward compatible).
Add the following to C:\Users\MT\AndroidStudioProjects\raf\android\app\build.gradle.kts:

    android {
        ndkVersion = "27.0.12077973"
        ...
    }
lib/screen/auth/register_screen.dart:180:48: Error: Member not found: 'topRight'.
                  alignment: AlignmentGeometry.topRight,
                                               ^^^^^^^^
Target kernel_snapshot_program failed: Exception


FAILURE: Build failed with an exception.

* What went wrong:
Execution failed for task ':app:compileFlutterBuildDebug'.
> Process 'command 'E:\Android\flutter\bin\flutter.bat'' finished with non-zero exit value 1

* Try:
> Run with --stacktrace option to get the stack trace.
> Run with --info or --debug option to get more log output.
> Run with --scan to get full insights.
> Get more help at https://help.gradle.org.

BUILD FAILED in 11s
Running Gradle task 'assembleDebug'...                             11.5s
Gradle task assembleDebug failed with exit code 1
